<?xml version="1.0" encoding="UTF-8"?>
<!-- Generated by org.testng.reporters.JUnitReportReporter -->
<testsuite hostname="DESKTOP-2PIKAKN" failures="0" tests="1" name="com.leaftaps.testcases.TC001_JustLogin" time="37.542" errors="0" timestamp="2023-09-04T17:16:55 IST" skipped="0">
  <testcase classname="com.leaftaps.testcases.TC001_JustLogin" name="runLogin" time="37.542"/>
  <system-out/>
</testsuite> <!-- com.leaftaps.testcases.TC001_JustLogin -->
